Riviera-PRO 2020.04.130.7729(Linux64) 2022-02-14 03:35:57

Elaboration top modules:
Architecture                  Behavioral(simple_adder_tb)


----------------------------------------------------------------------------------------------
Entity          | Architecture | Library | Info | Compiler Version      | Compilation Options
----------------------------------------------------------------------------------------------
simple_adder_tb | Behavioral   | work    |      | 2020.04.130 (Linux64) |  -2019
simple_adder    | Behavioral   | work    |      | 2020.04.130 (Linux64) |  -2019
----------------------------------------------------------------------------------------------

----------------------------------------------------------------------------------------------
VHDL Package                   | Library | Info | Compiler Version      | Compilation Options
----------------------------------------------------------------------------------------------
standard                       | std     |      |                       | <unavailable>
TEXTIO                         | std     |      |                       | <unavailable>
std_logic_1164                 | ieee    |      |                       | <unavailable>
NUMERIC_STD                    | ieee    |      |                       | <unavailable>
----------------------------------------------------------------------------------------------

----------------------------------------------------------------------------------------------
Library                        | Comment
----------------------------------------------------------------------------------------------
ieee                           | Standard IEEE packages library
std                            | Standard VHDL library
work                           | None
----------------------------------------------------------------------------------------------


Simulation Options: asim simple_adder_tb

License to run VHDL performance optimized simulation unavailable.

The performance of simulation is reduced. Version EDU Edition
