#-----------------------------------------------------------
# Vivado v2019.2.1 (64-bit)
# SW Build 2729669 on Thu Dec  5 04:49:17 MST 2019
# IP Build 2729494 on Thu Dec  5 07:38:25 MST 2019
# Start of session at: Mon Apr  4 10:05:33 2022
# Process ID: 3788
# Current directory: D:/Documents/PLD/cv9/cv9_ILA
# Command line: vivado.exe -gui_launcher_event rodinguilauncherevent6828 D:\Documents\PLD\cv9\cv9_ILA\cv9_ILA.xpr
# Log file: D:/Documents/PLD/cv9/cv9_ILA/vivado.log
# Journal file: D:/Documents/PLD/cv9/cv9_ILA\vivado.jou
#-----------------------------------------------------------
start_gui
open_project D:/Documents/PLD/cv9/cv9_ILA/cv9_ILA.xpr
Scanning sources...
Finished scanning sources
INFO: [IP_Flow 19-234] Refreshing IP repositories
INFO: [IP_Flow 19-1704] No user IP repositories specified
INFO: [IP_Flow 19-2313] Loaded Vivado IP repository 'C:/Appz/Xilinx/Vivado/2019.2/data/ip'.
open_project: Time (s): cpu = 00:00:19 ; elapsed = 00:00:10 . Memory (MB): peak = 845.699 ; gain = 182.816
exit
INFO: [Common 17-206] Exiting Vivado at Mon Apr  4 10:06:03 2022...
