Copyright 1986-2019 Xilinx, Inc. All Rights Reserved.
--------------------------------------------------------------------------------------
| Tool Version : Vivado v.2019.2.1 (win64) Build 2729669 Thu Dec  5 04:49:17 MST 2019
| Date         : Mon May  2 19:56:17 2022
| Host         : PC-094 running 64-bit major release  (build 9200)
| Command      : report_control_sets -verbose -file rp_top_control_sets_placed.rpt
| Design       : rp_top
| Device       : xc7z010
--------------------------------------------------------------------------------------

Control Set Information

Table of Contents
-----------------
1. Summary
2. Histogram
3. Flip-Flop Distribution
4. Detailed Control Set Information

1. Summary
----------

+----------------------------------------------------------+-------+
|                          Status                          | Count |
+----------------------------------------------------------+-------+
| Total control sets                                       |    10 |
|    Minimum number of control sets                        |    10 |
|    Addition due to synthesis replication                 |     0 |
|    Addition due to physical synthesis replication        |     0 |
| Unused register locations in slices containing registers |    37 |
+----------------------------------------------------------+-------+
* Control sets can be merged at opt_design using control_set_merge or merge_equivalent_drivers
** Run report_qor_suggestions for automated merging and remapping suggestions


2. Histogram
------------

+--------------------+-------+
|       Fanout       | Count |
+--------------------+-------+
| Total control sets |    10 |
| >= 0 to < 4        |     1 |
| >= 4 to < 6        |     1 |
| >= 6 to < 8        |     0 |
| >= 8 to < 10       |     1 |
| >= 10 to < 12      |     1 |
| >= 12 to < 14      |     0 |
| >= 14 to < 16      |     0 |
| >= 16              |     6 |
+--------------------+-------+
* Control sets can be remapped at either synth_design or opt_design


3. Flip-Flop Distribution
-------------------------

+--------------+-----------------------+------------------------+-----------------+--------------+
| Clock Enable | Synchronous Set/Reset | Asynchronous Set/Reset | Total Registers | Total Slices |
+--------------+-----------------------+------------------------+-----------------+--------------+
| No           | No                    | No                     |              29 |           12 |
| No           | No                    | Yes                    |               0 |            0 |
| No           | Yes                   | No                     |              27 |            8 |
| Yes          | No                    | No                     |               4 |            4 |
| Yes          | No                    | Yes                    |               0 |            0 |
| Yes          | Yes                   | No                     |             135 |           36 |
+--------------+-----------------------+------------------------+-----------------+--------------+


4. Detailed Control Set Information
-----------------------------------

+------------------+-------------------+-----------------------------------------------+------------------+----------------+
|   Clock Signal   |   Enable Signal   |                Set/Reset Signal               | Slice Load Count | Bel Load Count |
+------------------+-------------------+-----------------------------------------------+------------------+----------------+
|  key_fsm_i/wd_en |                   |                                               |                1 |              1 |
|  clk_IBUF_BUFG   | ce_gen_i/ce_100Hz |                                               |                4 |              4 |
|  clk_IBUF_BUFG   |                   | watchdog_i/wd_time_reg_0[0]                   |                3 |              9 |
|  clk_IBUF_BUFG   | key_fsm_i/E[0]    | watchdog_i/cnt_sig[10]_i_1_n_0                |                4 |             11 |
|  clk_IBUF_BUFG   |                   | ce_gen_i/cnt_sig[18]_i_1_n_0                  |                5 |             18 |
|  clk_IBUF_BUFG   |                   |                                               |               11 |             28 |
|  clk_IBUF_BUFG   | ce_gen_i/ce_100Hz | gen_btn_in[2].btn_in_inst/debouncer_i/deb_cnt |                8 |             31 |
|  clk_IBUF_BUFG   | ce_gen_i/ce_100Hz | gen_btn_in[3].btn_in_inst/debouncer_i/deb_cnt |                8 |             31 |
|  clk_IBUF_BUFG   | ce_gen_i/ce_100Hz | gen_btn_in[0].btn_in_inst/debouncer_i/deb_cnt |                8 |             31 |
|  clk_IBUF_BUFG   | ce_gen_i/ce_100Hz | gen_btn_in[1].btn_in_inst/debouncer_i/deb_cnt |                8 |             31 |
+------------------+-------------------+-----------------------------------------------+------------------+----------------+


