
*** Running vivado
    with args -log rp_top.vds -m64 -product Vivado -mode batch -messageDb vivado.pb -notrace -source rp_top.tcl


****** Vivado v2019.2.1 (64-bit)
  **** SW Build 2729669 on Thu Dec  5 04:49:17 MST 2019
  **** IP Build 2729494 on Thu Dec  5 07:38:25 MST 2019
    ** Copyright 1986-2019 Xilinx, Inc. All Rights Reserved.

source rp_top.tcl -notrace
Command: synth_design -top rp_top -part xc7z010clg400-1
Starting synth_design
Attempting to get a license for feature 'Synthesis' and/or device 'xc7z010'
INFO: [Common 17-349] Got license for feature 'Synthesis' and/or device 'xc7z010'
INFO: [Device 21-403] Loading part xc7z010clg400-1
INFO: Launching helper process for spawning children vivado processes
INFO: Helper process launched with PID 5792 
---------------------------------------------------------------------------------
Starting RTL Elaboration : Time (s): cpu = 00:00:05 ; elapsed = 00:00:05 . Memory (MB): peak = 891.949 ; gain = 236.539
---------------------------------------------------------------------------------
INFO: [Synth 8-638] synthesizing module 'rp_top' [D:/Documents/xsvobo1q/PLD/cv5/PC_05_template/SOURCES/rp_top.vhd:16]
INFO: [Synth 8-3491] module 'seg_disp_driver' declared at 'D:/Documents/xsvobo1q/PLD/cv5/PC_05_template/Stopwatch.runs/synth_1/.Xil/Vivado-7536-PC-095/realtime/seg_disp_driver_stub.v:5' bound to instance 'seg_disp_driver_i' of component 'seg_disp_driver' [D:/Documents/xsvobo1q/PLD/cv5/PC_05_template/SOURCES/rp_top.vhd:122]
INFO: [Synth 8-6157] synthesizing module 'seg_disp_driver' [D:/Documents/xsvobo1q/PLD/cv5/PC_05_template/Stopwatch.runs/synth_1/.Xil/Vivado-7536-PC-095/realtime/seg_disp_driver_stub.v:5]
INFO: [Synth 8-6155] done synthesizing module 'seg_disp_driver' (1#1) [D:/Documents/xsvobo1q/PLD/cv5/PC_05_template/Stopwatch.runs/synth_1/.Xil/Vivado-7536-PC-095/realtime/seg_disp_driver_stub.v:5]
	Parameter DIV_FACT bound to: 500000 - type: integer 
INFO: [Synth 8-3491] module 'ce_gen' declared at 'D:/Documents/xsvobo1q/PLD/cv5/PC_05_template/Stopwatch.srcs/sources_1/new/ce_gen.vhd:6' bound to instance 'ce_gen_i' of component 'ce_gen' [D:/Documents/xsvobo1q/PLD/cv5/PC_05_template/SOURCES/rp_top.vhd:137]
INFO: [Synth 8-638] synthesizing module 'ce_gen' [D:/Documents/xsvobo1q/PLD/cv5/PC_05_template/Stopwatch.srcs/sources_1/new/ce_gen.vhd:20]
	Parameter DIV_FACT bound to: 500000 - type: integer 
INFO: [Synth 8-256] done synthesizing module 'ce_gen' (2#1) [D:/Documents/xsvobo1q/PLD/cv5/PC_05_template/Stopwatch.srcs/sources_1/new/ce_gen.vhd:20]
	Parameter DEB_PERIOD bound to: 5 - type: integer 
INFO: [Synth 8-3491] module 'btn_in' declared at 'D:/Documents/xsvobo1q/PLD/cv5/PC_05_template/Stopwatch.srcs/sources_1/new/btn_in.vhd:34' bound to instance 'btn_in_inst' of component 'btn_in' [D:/Documents/xsvobo1q/PLD/cv5/PC_05_template/SOURCES/rp_top.vhd:151]
INFO: [Synth 8-638] synthesizing module 'btn_in' [D:/Documents/xsvobo1q/PLD/cv5/PC_05_template/Stopwatch.srcs/sources_1/new/btn_in.vhd:49]
	Parameter DEB_PERIOD bound to: 5 - type: integer 
INFO: [Synth 8-3491] module 'sync_reg' declared at 'D:/Documents/xsvobo1q/PLD/cv5/PC_05_template/Stopwatch.srcs/sources_1/new/sync_reg.vhd:34' bound to instance 'sync_reg_i' of component 'sync_reg' [D:/Documents/xsvobo1q/PLD/cv5/PC_05_template/Stopwatch.srcs/sources_1/new/btn_in.vhd:86]
INFO: [Synth 8-638] synthesizing module 'sync_reg' [D:/Documents/xsvobo1q/PLD/cv5/PC_05_template/Stopwatch.srcs/sources_1/new/sync_reg.vhd:42]
INFO: [Synth 8-5534] Detected attribute (* shreg_extract = "NO" *) [D:/Documents/xsvobo1q/PLD/cv5/PC_05_template/Stopwatch.srcs/sources_1/new/sync_reg.vhd:38]
INFO: [Synth 8-5534] Detected attribute (* async_reg = "TRUE" *) [D:/Documents/xsvobo1q/PLD/cv5/PC_05_template/Stopwatch.srcs/sources_1/new/sync_reg.vhd:38]
INFO: [Synth 8-5534] Detected attribute (* shreg_extract = "NO" *) [D:/Documents/xsvobo1q/PLD/cv5/PC_05_template/Stopwatch.srcs/sources_1/new/sync_reg.vhd:44]
INFO: [Synth 8-5534] Detected attribute (* async_reg = "TRUE" *) [D:/Documents/xsvobo1q/PLD/cv5/PC_05_template/Stopwatch.srcs/sources_1/new/sync_reg.vhd:44]
INFO: [Synth 8-256] done synthesizing module 'sync_reg' (3#1) [D:/Documents/xsvobo1q/PLD/cv5/PC_05_template/Stopwatch.srcs/sources_1/new/sync_reg.vhd:42]
	Parameter DEB_PERIOD bound to: 5 - type: integer 
INFO: [Synth 8-3491] module 'debouncer' declared at 'D:/Documents/xsvobo1q/PLD/cv5/PC_05_template/Stopwatch.srcs/sources_1/new/debouncer.vhd:34' bound to instance 'debouncer_i' of component 'debouncer' [D:/Documents/xsvobo1q/PLD/cv5/PC_05_template/Stopwatch.srcs/sources_1/new/btn_in.vhd:93]
INFO: [Synth 8-638] synthesizing module 'debouncer' [D:/Documents/xsvobo1q/PLD/cv5/PC_05_template/Stopwatch.srcs/sources_1/new/debouncer.vhd:46]
	Parameter DEB_PERIOD bound to: 5 - type: integer 
INFO: [Synth 8-256] done synthesizing module 'debouncer' (4#1) [D:/Documents/xsvobo1q/PLD/cv5/PC_05_template/Stopwatch.srcs/sources_1/new/debouncer.vhd:46]
INFO: [Synth 8-3491] module 'edge_detector' declared at 'D:/Documents/xsvobo1q/PLD/cv5/PC_05_template/Stopwatch.srcs/sources_1/new/edge_detector.vhd:34' bound to instance 'edge_detector_i' of component 'edge_detector' [D:/Documents/xsvobo1q/PLD/cv5/PC_05_template/Stopwatch.srcs/sources_1/new/btn_in.vhd:104]
INFO: [Synth 8-638] synthesizing module 'edge_detector' [D:/Documents/xsvobo1q/PLD/cv5/PC_05_template/Stopwatch.srcs/sources_1/new/edge_detector.vhd:44]
INFO: [Synth 8-256] done synthesizing module 'edge_detector' (5#1) [D:/Documents/xsvobo1q/PLD/cv5/PC_05_template/Stopwatch.srcs/sources_1/new/edge_detector.vhd:44]
INFO: [Synth 8-256] done synthesizing module 'btn_in' (6#1) [D:/Documents/xsvobo1q/PLD/cv5/PC_05_template/Stopwatch.srcs/sources_1/new/btn_in.vhd:49]
	Parameter DEB_PERIOD bound to: 5 - type: integer 
INFO: [Synth 8-3491] module 'btn_in' declared at 'D:/Documents/xsvobo1q/PLD/cv5/PC_05_template/Stopwatch.srcs/sources_1/new/btn_in.vhd:34' bound to instance 'btn_in_inst' of component 'btn_in' [D:/Documents/xsvobo1q/PLD/cv5/PC_05_template/SOURCES/rp_top.vhd:151]
	Parameter DEB_PERIOD bound to: 5 - type: integer 
INFO: [Synth 8-3491] module 'btn_in' declared at 'D:/Documents/xsvobo1q/PLD/cv5/PC_05_template/Stopwatch.srcs/sources_1/new/btn_in.vhd:34' bound to instance 'btn_in_inst' of component 'btn_in' [D:/Documents/xsvobo1q/PLD/cv5/PC_05_template/SOURCES/rp_top.vhd:151]
	Parameter DEB_PERIOD bound to: 5 - type: integer 
INFO: [Synth 8-3491] module 'btn_in' declared at 'D:/Documents/xsvobo1q/PLD/cv5/PC_05_template/Stopwatch.srcs/sources_1/new/btn_in.vhd:34' bound to instance 'btn_in_inst' of component 'btn_in' [D:/Documents/xsvobo1q/PLD/cv5/PC_05_template/SOURCES/rp_top.vhd:151]
INFO: [Synth 8-3491] module 'stopwatch' declared at 'D:/Documents/xsvobo1q/PLD/cv5/PC_05_template/Stopwatch.srcs/sources_1/new/stopwatch.vhd:6' bound to instance 'stopwatch_i' of component 'stopwatch' [D:/Documents/xsvobo1q/PLD/cv5/PC_05_template/SOURCES/rp_top.vhd:168]
INFO: [Synth 8-638] synthesizing module 'stopwatch' [D:/Documents/xsvobo1q/PLD/cv5/PC_05_template/Stopwatch.srcs/sources_1/new/stopwatch.vhd:20]
INFO: [Synth 8-256] done synthesizing module 'stopwatch' (7#1) [D:/Documents/xsvobo1q/PLD/cv5/PC_05_template/Stopwatch.srcs/sources_1/new/stopwatch.vhd:20]
INFO: [Synth 8-3491] module 'stopwatch_fsm' declared at 'D:/Documents/xsvobo1q/PLD/cv5/PC_05_template/Stopwatch.srcs/sources_1/new/stopwatch_fsm.vhd:34' bound to instance 'stopwatch_fsm_i' of component 'stopwatch_fsm' [D:/Documents/xsvobo1q/PLD/cv5/PC_05_template/SOURCES/rp_top.vhd:183]
INFO: [Synth 8-638] synthesizing module 'stopwatch_fsm' [D:/Documents/xsvobo1q/PLD/cv5/PC_05_template/Stopwatch.srcs/sources_1/new/stopwatch_fsm.vhd:45]
INFO: [Synth 8-256] done synthesizing module 'stopwatch_fsm' (8#1) [D:/Documents/xsvobo1q/PLD/cv5/PC_05_template/Stopwatch.srcs/sources_1/new/stopwatch_fsm.vhd:45]
WARNING: [Synth 8-3848] Net led_o in module/entity rp_top does not have driver. [D:/Documents/xsvobo1q/PLD/cv5/PC_05_template/SOURCES/rp_top.vhd:10]
INFO: [Synth 8-256] done synthesizing module 'rp_top' (9#1) [D:/Documents/xsvobo1q/PLD/cv5/PC_05_template/SOURCES/rp_top.vhd:16]
WARNING: [Synth 8-3331] design rp_top has unconnected port led_o[7]
WARNING: [Synth 8-3331] design rp_top has unconnected port led_o[6]
WARNING: [Synth 8-3331] design rp_top has unconnected port led_o[5]
WARNING: [Synth 8-3331] design rp_top has unconnected port led_o[4]
WARNING: [Synth 8-3331] design rp_top has unconnected port led_o[3]
WARNING: [Synth 8-3331] design rp_top has unconnected port led_o[2]
WARNING: [Synth 8-3331] design rp_top has unconnected port led_o[1]
WARNING: [Synth 8-3331] design rp_top has unconnected port led_o[0]
WARNING: [Synth 8-3331] design rp_top has unconnected port sw_i[3]
WARNING: [Synth 8-3331] design rp_top has unconnected port sw_i[2]
WARNING: [Synth 8-3331] design rp_top has unconnected port sw_i[1]
WARNING: [Synth 8-3331] design rp_top has unconnected port sw_i[0]
---------------------------------------------------------------------------------
Finished RTL Elaboration : Time (s): cpu = 00:00:06 ; elapsed = 00:00:06 . Memory (MB): peak = 964.367 ; gain = 308.957
---------------------------------------------------------------------------------

Report Check Netlist: 
+------+------------------+-------+---------+-------+------------------+
|      |Item              |Errors |Warnings |Status |Description       |
+------+------------------+-------+---------+-------+------------------+
|1     |multi_driven_nets |      0|        0|Passed |Multi driven nets |
+------+------------------+-------+---------+-------+------------------+
---------------------------------------------------------------------------------
Start Handling Custom Attributes
---------------------------------------------------------------------------------
---------------------------------------------------------------------------------
Finished Handling Custom Attributes : Time (s): cpu = 00:00:07 ; elapsed = 00:00:07 . Memory (MB): peak = 964.367 ; gain = 308.957
---------------------------------------------------------------------------------
---------------------------------------------------------------------------------
Finished RTL Optimization Phase 1 : Time (s): cpu = 00:00:07 ; elapsed = 00:00:07 . Memory (MB): peak = 964.367 ; gain = 308.957
---------------------------------------------------------------------------------
Netlist sorting complete. Time (s): cpu = 00:00:00 ; elapsed = 00:00:00.005 . Memory (MB): peak = 964.367 ; gain = 0.000
INFO: [Project 1-570] Preparing netlist for logic optimization

Processing XDC Constraints
Initializing timing engine
Parsing XDC File [D:/Documents/xsvobo1q/PLD/cv5/PC_05_template/SOURCES/seg_disp_driver/seg_disp_driver_in_context.xdc] for cell 'seg_disp_driver_i'
Finished Parsing XDC File [D:/Documents/xsvobo1q/PLD/cv5/PC_05_template/SOURCES/seg_disp_driver/seg_disp_driver_in_context.xdc] for cell 'seg_disp_driver_i'
Parsing XDC File [D:/Documents/xsvobo1q/PLD/cv5/PC_05_template/SOURCES/rp_top.xdc]
Finished Parsing XDC File [D:/Documents/xsvobo1q/PLD/cv5/PC_05_template/SOURCES/rp_top.xdc]
INFO: [Project 1-236] Implementation specific constraints were found while reading constraint file [D:/Documents/xsvobo1q/PLD/cv5/PC_05_template/SOURCES/rp_top.xdc]. These constraints will be ignored for synthesis but will be used in implementation. Impacted constraints are listed in the file [.Xil/rp_top_propImpl.xdc].
Resolution: To avoid this warning, move constraints listed in [.Xil/rp_top_propImpl.xdc] to another XDC file and exclude this new file from synthesis with the used_in_synthesis property (File Properties dialog in GUI) and re-run elaboration/synthesis.
Completed Processing XDC Constraints

Netlist sorting complete. Time (s): cpu = 00:00:00 ; elapsed = 00:00:00 . Memory (MB): peak = 1063.996 ; gain = 0.000
INFO: [Project 1-111] Unisim Transformation Summary:
No Unisim elements were transformed.

Constraint Validation Runtime : Time (s): cpu = 00:00:00 ; elapsed = 00:00:00.006 . Memory (MB): peak = 1063.996 ; gain = 0.000
---------------------------------------------------------------------------------
Finished Constraint Validation : Time (s): cpu = 00:00:14 ; elapsed = 00:00:15 . Memory (MB): peak = 1063.996 ; gain = 408.586
---------------------------------------------------------------------------------
---------------------------------------------------------------------------------
Start Loading Part and Timing Information
---------------------------------------------------------------------------------
Loading part: xc7z010clg400-1
---------------------------------------------------------------------------------
Finished Loading Part and Timing Information : Time (s): cpu = 00:00:14 ; elapsed = 00:00:15 . Memory (MB): peak = 1063.996 ; gain = 408.586
---------------------------------------------------------------------------------
---------------------------------------------------------------------------------
Start Applying 'set_property' XDC Constraints
---------------------------------------------------------------------------------
---------------------------------------------------------------------------------
Finished applying 'set_property' XDC Constraints : Time (s): cpu = 00:00:14 ; elapsed = 00:00:15 . Memory (MB): peak = 1063.996 ; gain = 408.586
---------------------------------------------------------------------------------
---------------------------------------------------------------------------------
Finished RTL Optimization Phase 2 : Time (s): cpu = 00:00:14 ; elapsed = 00:00:15 . Memory (MB): peak = 1063.996 ; gain = 408.586
---------------------------------------------------------------------------------

Report RTL Partitions: 
+-+--------------+------------+----------+
| |RTL Partition |Replication |Instances |
+-+--------------+------------+----------+
+-+--------------+------------+----------+
---------------------------------------------------------------------------------
Start RTL Component Statistics 
---------------------------------------------------------------------------------
Detailed RTL Component Info : 
+---Adders : 
	   2 Input     19 Bit       Adders := 1     
	   2 Input      4 Bit       Adders := 4     
+---Registers : 
	               19 Bit    Registers := 1     
	                4 Bit    Registers := 8     
	                3 Bit    Registers := 1     
	                1 Bit    Registers := 36    
+---Muxes : 
	   2 Input     19 Bit        Muxes := 1     
	   2 Input      4 Bit        Muxes := 8     
	   4 Input      4 Bit        Muxes := 1     
	   5 Input      4 Bit        Muxes := 1     
	   2 Input      3 Bit        Muxes := 1     
	   3 Input      3 Bit        Muxes := 1     
	   6 Input      3 Bit        Muxes := 1     
	   2 Input      2 Bit        Muxes := 1     
	   3 Input      2 Bit        Muxes := 1     
	   2 Input      1 Bit        Muxes := 32    
	   4 Input      1 Bit        Muxes := 1     
	   5 Input      1 Bit        Muxes := 1     
---------------------------------------------------------------------------------
Finished RTL Component Statistics 
---------------------------------------------------------------------------------
---------------------------------------------------------------------------------
Start RTL Hierarchical Component Statistics 
---------------------------------------------------------------------------------
Hierarchical RTL Component report 
Module ce_gen 
Detailed RTL Component Info : 
+---Adders : 
	   2 Input     19 Bit       Adders := 1     
+---Registers : 
	               19 Bit    Registers := 1     
	                1 Bit    Registers := 1     
+---Muxes : 
	   2 Input     19 Bit        Muxes := 1     
	   2 Input      1 Bit        Muxes := 1     
Module sync_reg 
Detailed RTL Component Info : 
+---Registers : 
	                1 Bit    Registers := 2     
Module debouncer 
Detailed RTL Component Info : 
+---Registers : 
	                1 Bit    Registers := 2     
+---Muxes : 
	   2 Input      1 Bit        Muxes := 5     
Module edge_detector 
Detailed RTL Component Info : 
+---Registers : 
	                1 Bit    Registers := 4     
Module stopwatch 
Detailed RTL Component Info : 
+---Adders : 
	   2 Input      4 Bit       Adders := 4     
+---Registers : 
	                4 Bit    Registers := 8     
+---Muxes : 
	   2 Input      4 Bit        Muxes := 8     
	   4 Input      4 Bit        Muxes := 1     
	   5 Input      4 Bit        Muxes := 1     
	   2 Input      1 Bit        Muxes := 11    
	   4 Input      1 Bit        Muxes := 1     
	   5 Input      1 Bit        Muxes := 1     
Module stopwatch_fsm 
Detailed RTL Component Info : 
+---Registers : 
	                3 Bit    Registers := 1     
	                1 Bit    Registers := 3     
+---Muxes : 
	   2 Input      3 Bit        Muxes := 1     
	   3 Input      3 Bit        Muxes := 1     
	   6 Input      3 Bit        Muxes := 1     
	   2 Input      2 Bit        Muxes := 1     
	   3 Input      2 Bit        Muxes := 1     
---------------------------------------------------------------------------------
Finished RTL Hierarchical Component Statistics
---------------------------------------------------------------------------------
---------------------------------------------------------------------------------
Start Part Resource Summary
---------------------------------------------------------------------------------
Part Resources:
DSPs: 80 (col length:40)
BRAMs: 120 (col length: RAMB18 40 RAMB36 20)
---------------------------------------------------------------------------------
Finished Part Resource Summary
---------------------------------------------------------------------------------
---------------------------------------------------------------------------------
Start Cross Boundary and Area Optimization
---------------------------------------------------------------------------------
Warning: Parallel synthesis criteria is not met 
WARNING: [Synth 8-3331] design rp_top has unconnected port led_o[7]
WARNING: [Synth 8-3331] design rp_top has unconnected port led_o[6]
WARNING: [Synth 8-3331] design rp_top has unconnected port led_o[5]
WARNING: [Synth 8-3331] design rp_top has unconnected port led_o[4]
WARNING: [Synth 8-3331] design rp_top has unconnected port led_o[3]
WARNING: [Synth 8-3331] design rp_top has unconnected port led_o[2]
WARNING: [Synth 8-3331] design rp_top has unconnected port led_o[1]
WARNING: [Synth 8-3331] design rp_top has unconnected port led_o[0]
WARNING: [Synth 8-3331] design rp_top has unconnected port sw_i[3]
WARNING: [Synth 8-3331] design rp_top has unconnected port sw_i[2]
WARNING: [Synth 8-3331] design rp_top has unconnected port sw_i[1]
WARNING: [Synth 8-3331] design rp_top has unconnected port sw_i[0]
---------------------------------------------------------------------------------
Finished Cross Boundary and Area Optimization : Time (s): cpu = 00:00:17 ; elapsed = 00:00:18 . Memory (MB): peak = 1063.996 ; gain = 408.586
---------------------------------------------------------------------------------

Report RTL Partitions: 
+-+--------------+------------+----------+
| |RTL Partition |Replication |Instances |
+-+--------------+------------+----------+
+-+--------------+------------+----------+
---------------------------------------------------------------------------------
Start Applying XDC Timing Constraints
---------------------------------------------------------------------------------
---------------------------------------------------------------------------------
Finished Applying XDC Timing Constraints : Time (s): cpu = 00:00:26 ; elapsed = 00:00:27 . Memory (MB): peak = 1063.996 ; gain = 408.586
---------------------------------------------------------------------------------
---------------------------------------------------------------------------------
Start Timing Optimization
---------------------------------------------------------------------------------
---------------------------------------------------------------------------------
Finished Timing Optimization : Time (s): cpu = 00:00:26 ; elapsed = 00:00:27 . Memory (MB): peak = 1069.641 ; gain = 414.230
---------------------------------------------------------------------------------

Report RTL Partitions: 
+-+--------------+------------+----------+
| |RTL Partition |Replication |Instances |
+-+--------------+------------+----------+
+-+--------------+------------+----------+
---------------------------------------------------------------------------------
Start Technology Mapping
---------------------------------------------------------------------------------
---------------------------------------------------------------------------------
Finished Technology Mapping : Time (s): cpu = 00:00:26 ; elapsed = 00:00:27 . Memory (MB): peak = 1071.457 ; gain = 416.047
---------------------------------------------------------------------------------

Report RTL Partitions: 
+-+--------------+------------+----------+
| |RTL Partition |Replication |Instances |
+-+--------------+------------+----------+
+-+--------------+------------+----------+
---------------------------------------------------------------------------------
Start IO Insertion
---------------------------------------------------------------------------------
---------------------------------------------------------------------------------
Start Flattening Before IO Insertion
---------------------------------------------------------------------------------
---------------------------------------------------------------------------------
Finished Flattening Before IO Insertion
---------------------------------------------------------------------------------
---------------------------------------------------------------------------------
Start Final Netlist Cleanup
---------------------------------------------------------------------------------
---------------------------------------------------------------------------------
Finished Final Netlist Cleanup
---------------------------------------------------------------------------------
---------------------------------------------------------------------------------
Finished IO Insertion : Time (s): cpu = 00:00:31 ; elapsed = 00:00:32 . Memory (MB): peak = 1076.223 ; gain = 420.812
---------------------------------------------------------------------------------
---------------------------------------------------------------------------------
Start Renaming Generated Instances
---------------------------------------------------------------------------------
---------------------------------------------------------------------------------
Finished Renaming Generated Instances : Time (s): cpu = 00:00:31 ; elapsed = 00:00:32 . Memory (MB): peak = 1076.223 ; gain = 420.812
---------------------------------------------------------------------------------

Report RTL Partitions: 
+-+--------------+------------+----------+
| |RTL Partition |Replication |Instances |
+-+--------------+------------+----------+
+-+--------------+------------+----------+

Report Check Netlist: 
+------+------------------+-------+---------+-------+------------------+
|      |Item              |Errors |Warnings |Status |Description       |
+------+------------------+-------+---------+-------+------------------+
|1     |multi_driven_nets |      0|        0|Passed |Multi driven nets |
+------+------------------+-------+---------+-------+------------------+
---------------------------------------------------------------------------------
Start Rebuilding User Hierarchy
---------------------------------------------------------------------------------
---------------------------------------------------------------------------------
Finished Rebuilding User Hierarchy : Time (s): cpu = 00:00:31 ; elapsed = 00:00:32 . Memory (MB): peak = 1076.223 ; gain = 420.812
---------------------------------------------------------------------------------
---------------------------------------------------------------------------------
Start Renaming Generated Ports
---------------------------------------------------------------------------------
---------------------------------------------------------------------------------
Finished Renaming Generated Ports : Time (s): cpu = 00:00:31 ; elapsed = 00:00:32 . Memory (MB): peak = 1076.223 ; gain = 420.812
---------------------------------------------------------------------------------
---------------------------------------------------------------------------------
Start Handling Custom Attributes
---------------------------------------------------------------------------------
---------------------------------------------------------------------------------
Finished Handling Custom Attributes : Time (s): cpu = 00:00:31 ; elapsed = 00:00:32 . Memory (MB): peak = 1076.223 ; gain = 420.812
---------------------------------------------------------------------------------
---------------------------------------------------------------------------------
Start Renaming Generated Nets
---------------------------------------------------------------------------------
---------------------------------------------------------------------------------
Finished Renaming Generated Nets : Time (s): cpu = 00:00:31 ; elapsed = 00:00:32 . Memory (MB): peak = 1076.223 ; gain = 420.812
---------------------------------------------------------------------------------
---------------------------------------------------------------------------------
Start Writing Synthesis Report
---------------------------------------------------------------------------------

Report BlackBoxes: 
+------+----------------+----------+
|      |BlackBox name   |Instances |
+------+----------------+----------+
|1     |seg_disp_driver |         1|
+------+----------------+----------+

Report Cell Usage: 
+------+----------------+------+
|      |Cell            |Count |
+------+----------------+------+
|1     |seg_disp_driver |     1|
|2     |BUFG            |     1|
|3     |CARRY4          |    21|
|4     |LUT1            |     3|
|5     |LUT2            |     6|
|6     |LUT3            |     3|
|7     |LUT4            |    22|
|8     |LUT5            |    18|
|9     |LUT6            |    20|
|10    |FDRE            |   134|
|11    |FDSE            |     2|
|12    |IBUF            |     5|
|13    |OBUF            |    13|
|14    |OBUFT           |     8|
+------+----------------+------+

Report Instance Areas: 
+------+------------------------------+----------------+------+
|      |Instance                      |Module          |Cells |
+------+------------------------------+----------------+------+
|1     |top                           |                |   269|
|2     |  ce_gen_i                    |ce_gen          |    31|
|3     |  \gen_btn_in[0].btn_in_inst  |btn_in          |    60|
|4     |    debouncer_i               |debouncer_5     |    56|
|5     |    edge_detector_i           |edge_detector_6 |     2|
|6     |    sync_reg_i                |sync_reg_7      |     2|
|7     |  \gen_btn_in[1].btn_in_inst  |btn_in_0        |     2|
|8     |    sync_reg_i                |sync_reg_4      |     2|
|9     |  \gen_btn_in[2].btn_in_inst  |btn_in_1        |     2|
|10    |    sync_reg_i                |sync_reg_3      |     2|
|11    |  \gen_btn_in[3].btn_in_inst  |btn_in_2        |    60|
|12    |    debouncer_i               |debouncer       |    56|
|13    |    edge_detector_i           |edge_detector   |     2|
|14    |    sync_reg_i                |sync_reg        |     2|
|15    |  stopwatch_fsm_i             |stopwatch_fsm   |    13|
|16    |  stopwatch_i                 |stopwatch       |    61|
+------+------------------------------+----------------+------+
---------------------------------------------------------------------------------
Finished Writing Synthesis Report : Time (s): cpu = 00:00:31 ; elapsed = 00:00:32 . Memory (MB): peak = 1076.223 ; gain = 420.812
---------------------------------------------------------------------------------
Synthesis finished with 0 errors, 0 critical warnings and 12 warnings.
Synthesis Optimization Runtime : Time (s): cpu = 00:00:22 ; elapsed = 00:00:30 . Memory (MB): peak = 1076.223 ; gain = 321.184
Synthesis Optimization Complete : Time (s): cpu = 00:00:31 ; elapsed = 00:00:32 . Memory (MB): peak = 1076.223 ; gain = 420.812
INFO: [Project 1-571] Translating synthesized netlist
Netlist sorting complete. Time (s): cpu = 00:00:00 ; elapsed = 00:00:00.003 . Memory (MB): peak = 1089.312 ; gain = 0.000
INFO: [Netlist 29-17] Analyzing 21 Unisim elements for replacement
INFO: [Netlist 29-28] Unisim Transformation completed in 0 CPU seconds
INFO: [Project 1-570] Preparing netlist for logic optimization
INFO: [Opt 31-138] Pushed 0 inverter(s) to 0 load pin(s).
Netlist sorting complete. Time (s): cpu = 00:00:00 ; elapsed = 00:00:00 . Memory (MB): peak = 1089.312 ; gain = 0.000
INFO: [Project 1-111] Unisim Transformation Summary:
No Unisim elements were transformed.

INFO: [Common 17-83] Releasing license: Synthesis
45 Infos, 25 Warnings, 0 Critical Warnings and 0 Errors encountered.
synth_design completed successfully
synth_design: Time (s): cpu = 00:00:37 ; elapsed = 00:00:40 . Memory (MB): peak = 1089.312 ; gain = 726.391
Netlist sorting complete. Time (s): cpu = 00:00:00 ; elapsed = 00:00:00 . Memory (MB): peak = 1089.312 ; gain = 0.000
WARNING: [Constraints 18-5210] No constraints selected for write.
Resolution: This message can indicate that there are no constraints for the design, or it can indicate that the used_in flags are set such that the constraints are ignored. This later case is used when running synth_design to not write synthesis constraints to the resulting checkpoint. Instead, project constraints are read when the synthesized design is opened.
INFO: [Common 17-1381] The checkpoint 'D:/Documents/xsvobo1q/PLD/cv5/PC_05_template/Stopwatch.runs/synth_1/rp_top.dcp' has been generated.
INFO: [runtcl-4] Executing : report_utilization -file rp_top_utilization_synth.rpt -pb rp_top_utilization_synth.pb
INFO: [Common 17-206] Exiting Vivado at Mon Mar 14 10:45:00 2022...
