Copyright 1986-2019 Xilinx, Inc. All Rights Reserved.
-----------------------------------------------------------------------------------------------------------------------------------------------------------------------------------------
| Tool Version : Vivado v.2019.2.1 (win64) Build 2729669 Thu Dec  5 04:49:17 MST 2019
| Date         : Mon Feb 21 09:20:59 2022
| Host         : PC-095 running 64-bit major release  (build 9200)
| Command      : report_timing_summary -max_paths 10 -file RP_top_timing_summary_routed.rpt -pb RP_top_timing_summary_routed.pb -rpx RP_top_timing_summary_routed.rpx -warn_on_violation
| Design       : RP_top
| Device       : 7z010-clg400
| Speed File   : -1  PRODUCTION 1.12 2019-11-22
-----------------------------------------------------------------------------------------------------------------------------------------------------------------------------------------

Timing Summary Report

------------------------------------------------------------------------------------------------
| Timer Settings
| --------------
------------------------------------------------------------------------------------------------

  Enable Multi Corner Analysis               :  Yes
  Enable Pessimism Removal                   :  Yes
  Pessimism Removal Resolution               :  Nearest Common Node
  Enable Input Delay Default Clock           :  No
  Enable Preset / Clear Arcs                 :  No
  Disable Flight Delays                      :  No
  Ignore I/O Paths                           :  No
  Timing Early Launch at Borrowing Latches   :  No
  Borrow Time for Max Delay Exceptions       :  Yes
  Merge Timing Exceptions                    :  Yes

  Corner  Analyze    Analyze    
  Name    Max Paths  Min Paths  
  ------  ---------  ---------  
  Slow    Yes        Yes        
  Fast    Yes        Yes        



check_timing report

Table of Contents
-----------------
1. checking no_clock
2. checking constant_clock
3. checking pulse_width_clock
4. checking unconstrained_internal_endpoints
5. checking no_input_delay
6. checking no_output_delay
7. checking multiple_clock
8. checking generated_clocks
9. checking loops
10. checking partial_input_delay
11. checking partial_output_delay
12. checking latch_loops

1. checking no_clock
--------------------
 There are 0 register/latch pins with no clock.


2. checking constant_clock
--------------------------
 There are 0 register/latch pins with constant_clock.


3. checking pulse_width_clock
-----------------------------
 There are 0 register/latch pins which need pulse_width check


4. checking unconstrained_internal_endpoints
--------------------------------------------
 There are 0 pins that are not constrained for maximum delay.

 There are 0 pins that are not constrained for maximum delay due to constant clock.


5. checking no_input_delay
--------------------------
 There are 0 input ports with no input delay specified.

 There are 0 input ports with no input delay but user has a false path constraint.


6. checking no_output_delay
---------------------------
 There are 0 ports with no output delay specified.

 There are 0 ports with no output delay but user has a false path constraint

 There are 0 ports with no output delay but with a timing clock defined on it or propagating through it


7. checking multiple_clock
--------------------------
 There are 0 register/latch pins with multiple clocks.


8. checking generated_clocks
----------------------------
 There are 0 generated clocks that are not connected to a clock source.


9. checking loops
-----------------
 There are 0 combinational loops in the design.


10. checking partial_input_delay
--------------------------------
 There are 8 input ports with partial input delay specified. (HIGH)


11. checking partial_output_delay
---------------------------------
 There are 0 ports with partial output delay specified.


12. checking latch_loops
------------------------
 There are 0 combinational latch loops in the design through latch input



------------------------------------------------------------------------------------------------
| Design Timing Summary
| ---------------------
------------------------------------------------------------------------------------------------

    WNS(ns)      TNS(ns)  TNS Failing Endpoints  TNS Total Endpoints      WHS(ns)      THS(ns)  THS Failing Endpoints  THS Total Endpoints     WPWS(ns)     TPWS(ns)  TPWS Failing Endpoints  TPWS Total Endpoints  
    -------      -------  ---------------------  -------------------      -------      -------  ---------------------  -------------------     --------     --------  ----------------------  --------------------  
     47.843        0.000                      0                    6           NA           NA                     NA                   NA           NA           NA                      NA                    NA  


All user specified timing constraints are met.


------------------------------------------------------------------------------------------------
| Clock Summary
| -------------
------------------------------------------------------------------------------------------------


------------------------------------------------------------------------------------------------
| Intra Clock Table
| -----------------
------------------------------------------------------------------------------------------------

Clock             WNS(ns)      TNS(ns)  TNS Failing Endpoints  TNS Total Endpoints      WHS(ns)      THS(ns)  THS Failing Endpoints  THS Total Endpoints     WPWS(ns)     TPWS(ns)  TPWS Failing Endpoints  TPWS Total Endpoints  
-----             -------      -------  ---------------------  -------------------      -------      -------  ---------------------  -------------------     --------     --------  ----------------------  --------------------  


------------------------------------------------------------------------------------------------
| Inter Clock Table
| -----------------
------------------------------------------------------------------------------------------------

From Clock    To Clock          WNS(ns)      TNS(ns)  TNS Failing Endpoints  TNS Total Endpoints      WHS(ns)      THS(ns)  THS Failing Endpoints  THS Total Endpoints  
----------    --------          -------      -------  ---------------------  -------------------      -------      -------  ---------------------  -------------------  


------------------------------------------------------------------------------------------------
| Other Path Groups Table
| -----------------------
------------------------------------------------------------------------------------------------

Path Group        From Clock        To Clock              WNS(ns)      TNS(ns)  TNS Failing Endpoints  TNS Total Endpoints      WHS(ns)      THS(ns)  THS Failing Endpoints  THS Total Endpoints  
----------        ----------        --------              -------      -------  ---------------------  -------------------      -------      -------  ---------------------  -------------------  
**default**       input port clock                         47.843        0.000                      0                    6                                                                        


------------------------------------------------------------------------------------------------
| Timing Details
| --------------
------------------------------------------------------------------------------------------------


---------------------------------------------------------------------------------------------------
Path Group:  **default**
From Clock:  input port clock
  To Clock:  

Setup :            0  Failing Endpoints,  Worst Slack       47.843ns,  Total Violation        0.000ns
Hold  :           NA  Failing Endpoints,  Worst Slack           NA  ,  Total Violation           NA
---------------------------------------------------------------------------------------------------


Max Delay Paths
--------------------------------------------------------------------------------------
Slack (MET) :             47.843ns  (required time - arrival time)
  Source:                 SW[1]
                            (input port)
  Destination:            LED[5]
  Path Group:             **default**
  Path Type:              Max at Slow Process Corner
  Requirement:            60.000ns  (MaxDelay Path 60.000ns)
  Data Path Delay:        12.157ns  (logic 6.123ns (50.365%)  route 6.034ns (49.635%))
  Logic Levels:           4  (IBUF=1 LUT3=1 LUT6=1 OBUF=1)
  Output Delay:           0.000ns
  Timing Exception:       MaxDelay Path 60.000ns

    Location             Delay type                Incr(ns)  Path(ns)    Netlist Resource(s)
  -------------------------------------------------------------------    -------------------
    C20                                               0.000     0.000 r  SW[1] (IN)
                         net (fo=0)                   0.000     0.000    SW[1]
    C20                  IBUF (Prop_ibuf_I_O)         1.475     1.475 r  SW_IBUF[1]_inst/O
                         net (fo=4, routed)           2.779     4.255    SW_IBUF[1]
    SLICE_X43Y67         LUT6 (Prop_lut6_I3_O)        0.124     4.379 r  LED_OBUF[7]_inst_i_3/O
                         net (fo=3, routed)           0.414     4.792    LED_OBUF[7]_inst_i_3_n_0
    SLICE_X43Y67         LUT3 (Prop_lut3_I0_O)        0.118     4.910 r  LED_OBUF[5]_inst_i_1/O
                         net (fo=1, routed)           2.841     7.751    LED_OBUF[5]
    G14                  OBUF (Prop_obuf_I_O)         4.405    12.157 r  LED_OBUF[5]_inst/O
                         net (fo=0)                   0.000    12.157    LED[5]
    G14                                                               r  LED[5] (OUT)
  -------------------------------------------------------------------    -------------------

                         max delay                   60.000    60.000    
                         clock pessimism              0.000    60.000    
                         output delay                -0.000    60.000    
  -------------------------------------------------------------------
                         required time                         60.000    
                         arrival time                         -12.157    
  -------------------------------------------------------------------
                         slack                                 47.843    

Slack (MET) :             48.614ns  (required time - arrival time)
  Source:                 SW[1]
                            (input port)
  Destination:            LED[7]
  Path Group:             **default**
  Path Type:              Max at Slow Process Corner
  Requirement:            60.000ns  (MaxDelay Path 60.000ns)
  Data Path Delay:        11.386ns  (logic 6.000ns (52.699%)  route 5.386ns (47.301%))
  Logic Levels:           4  (IBUF=1 LUT4=1 LUT6=1 OBUF=1)
  Output Delay:           0.000ns
  Timing Exception:       MaxDelay Path 60.000ns

    Location             Delay type                Incr(ns)  Path(ns)    Netlist Resource(s)
  -------------------------------------------------------------------    -------------------
    C20                                               0.000     0.000 r  SW[1] (IN)
                         net (fo=0)                   0.000     0.000    SW[1]
    C20                  IBUF (Prop_ibuf_I_O)         1.475     1.475 r  SW_IBUF[1]_inst/O
                         net (fo=4, routed)           2.577     4.052    SW_IBUF[1]
    SLICE_X43Y67         LUT6 (Prop_lut6_I5_O)        0.124     4.176 r  LED_OBUF[7]_inst_i_2/O
                         net (fo=1, routed)           0.902     5.078    LED_OBUF[7]_inst_i_2_n_0
    SLICE_X43Y67         LUT4 (Prop_lut4_I0_O)        0.124     5.202 r  LED_OBUF[7]_inst_i_1/O
                         net (fo=1, routed)           1.907     7.109    LED_OBUF[7]
    J14                  OBUF (Prop_obuf_I_O)         4.277    11.386 r  LED_OBUF[7]_inst/O
                         net (fo=0)                   0.000    11.386    LED[7]
    J14                                                               r  LED[7] (OUT)
  -------------------------------------------------------------------    -------------------

                         max delay                   60.000    60.000    
                         clock pessimism              0.000    60.000    
                         output delay                -0.000    60.000    
  -------------------------------------------------------------------
                         required time                         60.000    
                         arrival time                         -11.386    
  -------------------------------------------------------------------
                         slack                                 48.614    

Slack (MET) :             49.019ns  (required time - arrival time)
  Source:                 SW[1]
                            (input port)
  Destination:            LED[3]
  Path Group:             **default**
  Path Type:              Max at Slow Process Corner
  Requirement:            60.000ns  (MaxDelay Path 60.000ns)
  Data Path Delay:        10.981ns  (logic 5.957ns (54.248%)  route 5.024ns (45.752%))
  Logic Levels:           4  (IBUF=1 LUT3=1 LUT6=1 OBUF=1)
  Output Delay:           0.000ns
  Timing Exception:       MaxDelay Path 60.000ns

    Location             Delay type                Incr(ns)  Path(ns)    Netlist Resource(s)
  -------------------------------------------------------------------    -------------------
    C20                                               0.000     0.000 r  SW[1] (IN)
                         net (fo=0)                   0.000     0.000    SW[1]
    C20                  IBUF (Prop_ibuf_I_O)         1.475     1.475 r  SW_IBUF[1]_inst/O
                         net (fo=4, routed)           2.779     4.255    SW_IBUF[1]
    SLICE_X43Y67         LUT6 (Prop_lut6_I3_O)        0.124     4.379 r  LED_OBUF[7]_inst_i_3/O
                         net (fo=3, routed)           0.366     4.745    LED_OBUF[7]_inst_i_3_n_0
    SLICE_X42Y67         LUT3 (Prop_lut3_I0_O)        0.124     4.869 r  LED_OBUF[3]_inst_i_1/O
                         net (fo=1, routed)           1.878     6.747    LED_OBUF[3]
    H15                  OBUF (Prop_obuf_I_O)         4.234    10.981 r  LED_OBUF[3]_inst/O
                         net (fo=0)                   0.000    10.981    LED[3]
    H15                                                               r  LED[3] (OUT)
  -------------------------------------------------------------------    -------------------

                         max delay                   60.000    60.000    
                         clock pessimism              0.000    60.000    
                         output delay                -0.000    60.000    
  -------------------------------------------------------------------
                         required time                         60.000    
                         arrival time                         -10.981    
  -------------------------------------------------------------------
                         slack                                 49.019    

Slack (MET) :             49.306ns  (required time - arrival time)
  Source:                 SW[0]
                            (input port)
  Destination:            LED[0]
  Path Group:             **default**
  Path Type:              Max at Slow Process Corner
  Requirement:            60.000ns  (MaxDelay Path 60.000ns)
  Data Path Delay:        10.694ns  (logic 6.066ns (56.726%)  route 4.628ns (43.274%))
  Logic Levels:           3  (IBUF=1 LUT2=1 OBUF=1)
  Output Delay:           0.000ns
  Timing Exception:       MaxDelay Path 60.000ns

    Location             Delay type                Incr(ns)  Path(ns)    Netlist Resource(s)
  -------------------------------------------------------------------    -------------------
    B19                                               0.000     0.000 r  SW[0] (IN)
                         net (fo=0)                   0.000     0.000    SW[0]
    B19                  IBUF (Prop_ibuf_I_O)         1.480     1.480 r  SW_IBUF[0]_inst/O
                         net (fo=5, routed)           2.189     3.669    SW_IBUF[0]
    SLICE_X43Y68         LUT2 (Prop_lut2_I0_O)        0.152     3.821 r  LED_OBUF[0]_inst_i_1/O
                         net (fo=1, routed)           2.439     6.260    LED_OBUF[0]
    F16                  OBUF (Prop_obuf_I_O)         4.434    10.694 r  LED_OBUF[0]_inst/O
                         net (fo=0)                   0.000    10.694    LED[0]
    F16                                                               r  LED[0] (OUT)
  -------------------------------------------------------------------    -------------------

                         max delay                   60.000    60.000    
                         clock pessimism              0.000    60.000    
                         output delay                -0.000    60.000    
  -------------------------------------------------------------------
                         required time                         60.000    
                         arrival time                         -10.694    
  -------------------------------------------------------------------
                         slack                                 49.306    

Slack (MET) :             49.346ns  (required time - arrival time)
  Source:                 SW[1]
                            (input port)
  Destination:            LED[1]
  Path Group:             **default**
  Path Type:              Max at Slow Process Corner
  Requirement:            60.000ns  (MaxDelay Path 60.000ns)
  Data Path Delay:        10.654ns  (logic 5.828ns (54.708%)  route 4.825ns (45.292%))
  Logic Levels:           3  (IBUF=1 LUT4=1 OBUF=1)
  Output Delay:           0.000ns
  Timing Exception:       MaxDelay Path 60.000ns

    Location             Delay type                Incr(ns)  Path(ns)    Netlist Resource(s)
  -------------------------------------------------------------------    -------------------
    C20                                               0.000     0.000 r  SW[1] (IN)
                         net (fo=0)                   0.000     0.000    SW[1]
    C20                  IBUF (Prop_ibuf_I_O)         1.475     1.475 r  SW_IBUF[1]_inst/O
                         net (fo=4, routed)           2.495     3.970    SW_IBUF[1]
    SLICE_X43Y68         LUT4 (Prop_lut4_I3_O)        0.124     4.094 r  LED_OBUF[1]_inst_i_1/O
                         net (fo=1, routed)           2.331     6.424    LED_OBUF[1]
    F17                  OBUF (Prop_obuf_I_O)         4.229    10.654 r  LED_OBUF[1]_inst/O
                         net (fo=0)                   0.000    10.654    LED[1]
    F17                                                               r  LED[1] (OUT)
  -------------------------------------------------------------------    -------------------

                         max delay                   60.000    60.000    
                         clock pessimism              0.000    60.000    
                         output delay                -0.000    60.000    
  -------------------------------------------------------------------
                         required time                         60.000    
                         arrival time                         -10.654    
  -------------------------------------------------------------------
                         slack                                 49.346    

Slack (MET) :             49.657ns  (required time - arrival time)
  Source:                 SW[1]
                            (input port)
  Destination:            LED[2]
  Path Group:             **default**
  Path Type:              Max at Slow Process Corner
  Requirement:            60.000ns  (MaxDelay Path 60.000ns)
  Data Path Delay:        10.343ns  (logic 5.824ns (56.313%)  route 4.518ns (43.687%))
  Logic Levels:           3  (IBUF=1 LUT6=1 OBUF=1)
  Output Delay:           0.000ns
  Timing Exception:       MaxDelay Path 60.000ns

    Location             Delay type                Incr(ns)  Path(ns)    Netlist Resource(s)
  -------------------------------------------------------------------    -------------------
    C20                                               0.000     0.000 r  SW[1] (IN)
                         net (fo=0)                   0.000     0.000    SW[1]
    C20                  IBUF (Prop_ibuf_I_O)         1.475     1.475 r  SW_IBUF[1]_inst/O
                         net (fo=4, routed)           2.788     4.264    SW_IBUF[1]
    SLICE_X43Y67         LUT6 (Prop_lut6_I0_O)        0.124     4.388 r  LED_OBUF[2]_inst_i_1/O
                         net (fo=1, routed)           1.730     6.118    LED_OBUF[2]
    G15                  OBUF (Prop_obuf_I_O)         4.225    10.343 r  LED_OBUF[2]_inst/O
                         net (fo=0)                   0.000    10.343    LED[2]
    G15                                                               r  LED[2] (OUT)
  -------------------------------------------------------------------    -------------------

                         max delay                   60.000    60.000    
                         clock pessimism              0.000    60.000    
                         output delay                -0.000    60.000    
  -------------------------------------------------------------------
                         required time                         60.000    
                         arrival time                         -10.343    
  -------------------------------------------------------------------
                         slack                                 49.657    





