Vivado Simulator 2019.2
Copyright 1986-1999, 2001-2019 Xilinx, Inc. All Rights Reserved.
Running: C:/Appz/Xilinx/Vivado/2019.2/bin/unwrapped/win64.o/xelab.exe -wto e5e5df553fd445b09a4a2ef73b2e2726 --incr --debug typical --relax --mt 2 -L xil_defaultlib -L secureip --snapshot btn_in_tb_behav xil_defaultlib.btn_in_tb -log elaborate.log 
Using 2 slave threads.
Starting static elaboration
Completed static elaboration
Starting simulation data flow analysis
Completed simulation data flow analysis
Time Resolution for simulation is 1ps
Compiling package std.standard
Compiling package std.textio
Compiling package ieee.std_logic_1164
Compiling package ieee.numeric_std
Compiling architecture behavioral of entity xil_defaultlib.ce_gen [\ce_gen(div_fact=5)\]
Compiling architecture behavioral of entity xil_defaultlib.sync_reg [sync_reg_default]
Compiling architecture behavioral of entity xil_defaultlib.debouncer [\debouncer(deb_period=2)\]
Compiling architecture behavioral of entity xil_defaultlib.edge_detector [edge_detector_default]
Compiling architecture structural of entity xil_defaultlib.btn_in [\btn_in(deb_period=2)\]
Compiling architecture behavioral of entity xil_defaultlib.btn_in_tb
Built simulation snapshot btn_in_tb_behav
