Copyright 1986-2019 Xilinx, Inc. All Rights Reserved.
--------------------------------------------------------------------------------------
| Tool Version : Vivado v.2019.2.1 (win64) Build 2729669 Thu Dec  5 04:49:17 MST 2019
| Date         : Mon Apr 25 09:50:26 2022
| Host         : PC-095 running 64-bit major release  (build 9200)
| Command      : report_control_sets -verbose -file rp_top_control_sets_placed.rpt
| Design       : rp_top
| Device       : xc7z010
--------------------------------------------------------------------------------------

Control Set Information

Table of Contents
-----------------
1. Summary
2. Histogram
3. Flip-Flop Distribution
4. Detailed Control Set Information

1. Summary
----------

+----------------------------------------------------------+-------+
|                          Status                          | Count |
+----------------------------------------------------------+-------+
| Total control sets                                       |    29 |
|    Minimum number of control sets                        |    29 |
|    Addition due to synthesis replication                 |     0 |
|    Addition due to physical synthesis replication        |     0 |
| Unused register locations in slices containing registers |    62 |
+----------------------------------------------------------+-------+
* Control sets can be merged at opt_design using control_set_merge or merge_equivalent_drivers
** Run report_qor_suggestions for automated merging and remapping suggestions


2. Histogram
------------

+--------------------+-------+
|       Fanout       | Count |
+--------------------+-------+
| Total control sets |    29 |
| >= 0 to < 4        |     2 |
| >= 4 to < 6        |     8 |
| >= 6 to < 8        |     1 |
| >= 8 to < 10       |    11 |
| >= 10 to < 12      |     0 |
| >= 12 to < 14      |     1 |
| >= 14 to < 16      |     2 |
| >= 16              |     4 |
+--------------------+-------+
* Control sets can be remapped at either synth_design or opt_design


3. Flip-Flop Distribution
-------------------------

+--------------+-----------------------+------------------------+-----------------+--------------+
| Clock Enable | Synchronous Set/Reset | Asynchronous Set/Reset | Total Registers | Total Slices |
+--------------+-----------------------+------------------------+-----------------+--------------+
| No           | No                    | No                     |              84 |           31 |
| No           | No                    | Yes                    |               0 |            0 |
| No           | Yes                   | No                     |              43 |           14 |
| Yes          | No                    | No                     |             125 |           28 |
| Yes          | No                    | Yes                    |               0 |            0 |
| Yes          | Yes                   | No                     |              14 |            4 |
+--------------+-----------------------+------------------------+-----------------+--------------+


4. Detailed Control Set Information
-----------------------------------

+--------------------------------------------------------------------------------+--------------------------------------------------------------------------------------------------------------+-----------------------------------------------------------------------------------------------------------------+------------------+----------------+
|                                  Clock Signal                                  |                                                 Enable Signal                                                |                                                 Set/Reset Signal                                                | Slice Load Count | Bel Load Count |
+--------------------------------------------------------------------------------+--------------------------------------------------------------------------------------------------------------+-----------------------------------------------------------------------------------------------------------------+------------------+----------------+
|  embedded_kcpsm6_i/program_rom/instantiate_loader.jtag_loader_6_inst/CLK       |                                                                                                              |                                                                                                                 |                1 |              1 |
|  CLK_IBUF_BUFG                                                                 | embedded_kcpsm6_i/processor/flag_enable                                                                      | embedded_kcpsm6_i/processor/internal_reset                                                                      |                1 |              2 |
|  CLK_IBUF_BUFG                                                                 |                                                                                                              | embedded_kcpsm6_i/processor/ram_4k_generate.akv7.kcpsm6_rom_l                                                   |                1 |              4 |
|  CLK_IBUF_BUFG                                                                 | embedded_kcpsm6_i/processor/ram_4k_generate.akv7.kcpsm6_rom_l_6[0]                                           |                                                                                                                 |                1 |              4 |
|  CLK_IBUF_BUFG                                                                 | embedded_kcpsm6_i/processor/ram_4k_generate.akv7.kcpsm6_rom_l_7[0]                                           |                                                                                                                 |                1 |              4 |
|  CLK_IBUF_BUFG                                                                 | embedded_kcpsm6_i/processor/ram_4k_generate.akv7.kcpsm6_rom_l_5[0]                                           |                                                                                                                 |                1 |              4 |
|  CLK_IBUF_BUFG                                                                 | embedded_kcpsm6_i/processor/ram_4k_generate.akv7.kcpsm6_rom_l_0[0]                                           |                                                                                                                 |                2 |              4 |
|  CLK_IBUF_BUFG                                                                 | embedded_kcpsm6_i/processor/ram_4k_generate.akv7.kcpsm6_rom_l_4[0]                                           |                                                                                                                 |                1 |              4 |
|  embedded_kcpsm6_i/program_rom/instantiate_loader.jtag_loader_6_inst/CLK       |                                                                                                              | embedded_kcpsm6_i/program_rom/instantiate_loader.jtag_loader_6_inst/jtag_loader_gen.control_dout_int[7]_i_1_n_0 |                1 |              5 |
|  CLK_IBUF_BUFG                                                                 |                                                                                                              | seg_disp_driver_i/pres_st_seg_mux[2]                                                                            |                1 |              5 |
|  CLK_IBUF_BUFG                                                                 |                                                                                                              | embedded_kcpsm6_i/processor/internal_reset                                                                      |                3 |              6 |
|  CLK_IBUF_BUFG                                                                 |                                                                                                              | embedded_kcpsm6_i/program_rom/instruction[7]                                                                    |                4 |              8 |
|  CLK_IBUF_BUFG                                                                 | embedded_kcpsm6_i/processor/spm_enable                                                                       |                                                                                                                 |                2 |              8 |
|  CLK_IBUF_BUFG                                                                 | embedded_kcpsm6_i/processor/E[0]                                                                             |                                                                                                                 |                2 |              8 |
|  CLK_IBUF_BUFG                                                                 | embedded_kcpsm6_i/processor/ram_4k_generate.akv7.kcpsm6_rom_l_12[0]                                          |                                                                                                                 |                1 |              8 |
|  CLK_IBUF_BUFG                                                                 | embedded_kcpsm6_i/processor/ram_4k_generate.akv7.kcpsm6_rom_l_3[0]                                           |                                                                                                                 |                2 |              8 |
|  CLK_IBUF_BUFG                                                                 | embedded_kcpsm6_i/processor/ram_4k_generate.akv7.kcpsm6_rom_l_8[0]                                           |                                                                                                                 |                1 |              8 |
|  CLK_IBUF_BUFG                                                                 | embedded_kcpsm6_i/processor/ram_4k_generate.akv7.kcpsm6_rom_l_1[0]                                           |                                                                                                                 |                1 |              8 |
|  CLK_IBUF_BUFG                                                                 | embedded_kcpsm6_i/processor/ram_4k_generate.akv7.kcpsm6_rom_l_10[0]                                          |                                                                                                                 |                1 |              8 |
|  CLK_IBUF_BUFG                                                                 | embedded_kcpsm6_i/processor/ram_4k_generate.akv7.kcpsm6_rom_l_9[0]                                           |                                                                                                                 |                1 |              8 |
|  CLK_IBUF_BUFG                                                                 | embedded_kcpsm6_i/processor/ram_4k_generate.akv7.kcpsm6_rom_l_11[0]                                          |                                                                                                                 |                1 |              8 |
|  CLK_IBUF_BUFG                                                                 | embedded_kcpsm6_i/processor/ram_4k_generate.akv7.kcpsm6_rom_l_2[0]                                           |                                                                                                                 |                2 |              8 |
|  CLK_IBUF_BUFG                                                                 | embedded_kcpsm6_i/processor/WE                                                                               | embedded_kcpsm6_i/processor/internal_reset                                                                      |                3 |             12 |
|  embedded_kcpsm6_i/program_rom/instantiate_loader.jtag_loader_6_inst/shift_clk | embedded_kcpsm6_i/program_rom/instantiate_loader.jtag_loader_6_inst/shift                                    |                                                                                                                 |                3 |             15 |
|  CLK_IBUF_BUFG                                                                 |                                                                                                              | seg_disp_driver_i/cnt_clk_en_seg[15]_i_1_n_0                                                                    |                4 |             15 |
|  CLK_IBUF_BUFG                                                                 | embedded_kcpsm6_i/processor/WE                                                                               |                                                                                                                 |                2 |             16 |
|  CLK_IBUF_BUFG                                                                 | embedded_kcpsm6_i/processor/register_enable                                                                  |                                                                                                                 |                2 |             16 |
|  embedded_kcpsm6_i/program_rom/instantiate_loader.jtag_loader_6_inst/shift_clk | embedded_kcpsm6_i/program_rom/instantiate_loader.jtag_loader_6_inst/jtag_loader_gen.jtag_din_int[17]_i_1_n_0 |                                                                                                                 |                7 |             18 |
|  CLK_IBUF_BUFG                                                                 |                                                                                                              |                                                                                                                 |               30 |             83 |
+--------------------------------------------------------------------------------+--------------------------------------------------------------------------------------------------------------+-----------------------------------------------------------------------------------------------------------------+------------------+----------------+


